<?xml version="1.0" encoding="UTF-8"?>
<robot generator="Robot 7.3 (Python 3.13.4 on win32)" generated="2025-06-05T21:54:12.979355" rpa="false" schemaversion="5">
<suite id="s1" name="Desafio" source="C:\Users\Liberty\Desktop\DESAFIO QA\desafio.robot">
<test id="s1-t1" name="cenário 1: abrir navegador colocar login e senha e clicar em entrar" line="67">
<kw name="abrir navegador">
<kw name="Open Browser" owner="SeleniumLibrary">
<msg time="2025-06-05T21:54:13.486345" level="INFO">Opening browser 'firefox' to base url 'https://treinamento.libertyti.com.br/aghu/pages/casca/casca.xhtml'.</msg>
<msg time="2025-06-05T21:54:14.168188" level="WARN">The geckodriver version (0.35.0) detected in PATH at C:\WINDOWS\geckodriver.exe might not be compatible with the detected firefox version (139.0.1); currently, geckodriver 0.36.0 is recommended for firefox 139.*, so it is advised to delete the driver in PATH and retry</msg>
<arg>https://treinamento.libertyti.com.br/aghu/pages/casca/casca.xhtml</arg>
<arg>firefox</arg>
<doc>Opens a new browser instance to the optional ``url``.</doc>
<status status="PASS" start="2025-06-05T21:54:13.485911" elapsed="10.595068"/>
</kw>
<status status="PASS" start="2025-06-05T21:54:13.484755" elapsed="10.597106"/>
</kw>
<kw name="maximizar janela">
<kw name="Maximize Browser Window" owner="SeleniumLibrary">
<doc>Maximizes current browser window.</doc>
<status status="PASS" start="2025-06-05T21:54:24.083061" elapsed="0.398767"/>
</kw>
<status status="PASS" start="2025-06-05T21:54:24.082489" elapsed="0.399574"/>
</kw>
<kw name="colocar login">
<kw name="Input Text" owner="SeleniumLibrary">
<msg time="2025-06-05T21:54:24.483767" level="INFO">Typing text 'sghx' into text field '//*[@id="usuario:usuario:inputId"]'.</msg>
<arg>${input_usuario}</arg>
<arg>sghx</arg>
<doc>Types the given ``text`` into the text field identified by ``locator``.</doc>
<status status="PASS" start="2025-06-05T21:54:24.483186" elapsed="0.085042"/>
</kw>
<kw name="Input Text" owner="SeleniumLibrary">
<msg time="2025-06-05T21:54:24.569020" level="INFO">Typing text '123' into text field '//*[@id="password:inputId"]'.</msg>
<arg>${input_senha}</arg>
<arg>123</arg>
<doc>Types the given ``text`` into the text field identified by ``locator``.</doc>
<status status="PASS" start="2025-06-05T21:54:24.568570" elapsed="0.027265"/>
</kw>
<status status="PASS" start="2025-06-05T21:54:24.482732" elapsed="0.113309"/>
</kw>
<kw name="clicar em entrar">
<kw name="Click Element" owner="SeleniumLibrary">
<msg time="2025-06-05T21:54:24.597183" level="INFO">Clicking element '//*[@id="entrar"]/span'.</msg>
<arg>//*[@id="entrar"]/span</arg>
<doc>Click the element identified by ``locator``.</doc>
<status status="PASS" start="2025-06-05T21:54:24.596927" elapsed="1.531820"/>
</kw>
<status status="PASS" start="2025-06-05T21:54:24.596541" elapsed="1.532638"/>
</kw>
<kw name="clicar em outros modulos">
<kw name="Wait Until Element Is Visible" owner="SeleniumLibrary">
<arg>//*[@id="nav-scroll"]/ul/li[11]/a</arg>
<doc>Waits until the element ``locator`` is visible.</doc>
<status status="PASS" start="2025-06-05T21:54:26.130446" elapsed="0.020262"/>
</kw>
<kw name="Scroll Element Into View" owner="SeleniumLibrary">
<arg>//*[@id="nav-scroll"]/ul/li[11]/a</arg>
<doc>Scrolls the element identified by ``locator`` into view.</doc>
<status status="PASS" start="2025-06-05T21:54:26.151029" elapsed="0.295314"/>
</kw>
<kw name="Click Element" owner="SeleniumLibrary">
<msg time="2025-06-05T21:54:26.446972" level="INFO">Clicking element '//*[@id="nav-scroll"]/ul/li[14]/a/span'.</msg>
<arg>//*[@id="nav-scroll"]/ul/li[14]/a/span</arg>
<doc>Click the element identified by ``locator``.</doc>
<status status="PASS" start="2025-06-05T21:54:26.446623" elapsed="0.268435"/>
</kw>
<status status="PASS" start="2025-06-05T21:54:26.129875" elapsed="0.585528"/>
</kw>
<status status="PASS" start="2025-06-05T21:54:13.483164" elapsed="13.232835"/>
</test>
<test id="s1-t2" name="cenario 2: Acessar outros modulos → configuracoes → sistema → parametros de sistema" line="74">
<kw name="clicar em configuracoes">
<kw name="Scroll Element Into View" owner="SeleniumLibrary">
<msg time="2025-06-05T21:54:26.836819" level="INFO" html="true">&lt;/td&gt;&lt;/tr&gt;&lt;tr&gt;&lt;td colspan="3"&gt;&lt;a href="selenium-screenshot-1.png"&gt;&lt;img src="selenium-screenshot-1.png" width="800px"&gt;&lt;/a&gt;</msg>
<msg time="2025-06-05T21:54:26.837206" level="FAIL">MoveTargetOutOfBoundsException: Message: Move target (71, 781) is out of bounds of viewport dimensions (1536, 731)
Stacktrace:
RemoteError@chrome://remote/content/shared/RemoteError.sys.mjs:8:8
WebDriverError@chrome://remote/content/shared/webdriver/Errors.sys.mjs:199:5
MoveTargetOutOfBoundsError@chrome://remote/content/shared/webdriver/Errors.sys.mjs:518:5
assertTargetInViewPort@chrome://remote/content/shared/webdriver/Actions.sys.mjs:3100:11
#assertInViewPort@chrome://remote/content/marionette/actors/MarionetteCommandsChild.sys.mjs:65:17
receiveMessage@chrome://remote/content/marionette/actors/MarionetteCommandsChild.sys.mjs:160:42
</msg>
<arg>//*[@id="nav-scroll"]/ul/li[14]/ul/li[5]/a/span</arg>
<doc>Scrolls the element identified by ``locator`` into view.</doc>
<status status="FAIL" start="2025-06-05T21:54:26.720995" elapsed="0.132171">MoveTargetOutOfBoundsException: Message: Move target (71, 781) is out of bounds of viewport dimensions (1536, 731)
Stacktrace:
RemoteError@chrome://remote/content/shared/RemoteError.sys.mjs:8:8
WebDriverError@chrome://remote/content/shared/webdriver/Errors.sys.mjs:199:5
MoveTargetOutOfBoundsError@chrome://remote/content/shared/webdriver/Errors.sys.mjs:518:5
assertTargetInViewPort@chrome://remote/content/shared/webdriver/Actions.sys.mjs:3100:11
#assertInViewPort@chrome://remote/content/marionette/actors/MarionetteCommandsChild.sys.mjs:65:17
receiveMessage@chrome://remote/content/marionette/actors/MarionetteCommandsChild.sys.mjs:160:42
</status>
</kw>
<kw name="Click Element" owner="SeleniumLibrary">
<arg>//*[@id="nav-scroll"]/ul/li[14]/ul/li[5]/a/span</arg>
<doc>Click the element identified by ``locator``.</doc>
<status status="NOT RUN" start="2025-06-05T21:54:26.853606" elapsed="0.000072"/>
</kw>
<status status="FAIL" start="2025-06-05T21:54:26.720404" elapsed="0.133522">MoveTargetOutOfBoundsException: Message: Move target (71, 781) is out of bounds of viewport dimensions (1536, 731)
Stacktrace:
RemoteError@chrome://remote/content/shared/RemoteError.sys.mjs:8:8
WebDriverError@chrome://remote/content/shared/webdriver/Errors.sys.mjs:199:5
MoveTargetOutOfBoundsError@chrome://remote/content/shared/webdriver/Errors.sys.mjs:518:5
assertTargetInViewPort@chrome://remote/content/shared/webdriver/Actions.sys.mjs:3100:11
#assertInViewPort@chrome://remote/content/marionette/actors/MarionetteCommandsChild.sys.mjs:65:17
receiveMessage@chrome://remote/content/marionette/actors/MarionetteCommandsChild.sys.mjs:160:42
</status>
</kw>
<kw name="clicar em sistema">
<status status="NOT RUN" start="2025-06-05T21:54:26.854814" elapsed="0.000154"/>
</kw>
<kw name="clicar em parametros do sistema">
<status status="NOT RUN" start="2025-06-05T21:54:26.855623" elapsed="0.000101"/>
</kw>
<status status="FAIL" start="2025-06-05T21:54:26.717296" elapsed="0.138829">MoveTargetOutOfBoundsException: Message: Move target (71, 781) is out of bounds of viewport dimensions (1536, 731)
Stacktrace:
RemoteError@chrome://remote/content/shared/RemoteError.sys.mjs:8:8
WebDriverError@chrome://remote/content/shared/webdriver/Errors.sys.mjs:199:5
MoveTargetOutOfBoundsError@chrome://remote/content/shared/webdriver/Errors.sys.mjs:518:5
assertTargetInViewPort@chrome://remote/content/shared/webdriver/Actions.sys.mjs:3100:11
#assertInViewPort@chrome://remote/content/marionette/actors/MarionetteCommandsChild.sys.mjs:65:17
receiveMessage@chrome://remote/content/marionette/actors/MarionetteCommandsChild.sys.mjs:160:42
</status>
</test>
<test id="s1-t3" name="cenario 3: Inserir o nome do parametro e pesquisar" line="79">
<kw name="trocar frame para parametros">
<kw name="Select Frame" owner="SeleniumLibrary">
<msg time="2025-06-05T21:54:26.858805" level="INFO">Selecting frame '//*[@id="i_frame_parâmetros_de_sistema"]'.</msg>
<msg time="2025-06-05T21:54:27.004529" level="INFO" html="true">&lt;/td&gt;&lt;/tr&gt;&lt;tr&gt;&lt;td colspan="3"&gt;&lt;a href="selenium-screenshot-2.png"&gt;&lt;img src="selenium-screenshot-2.png" width="800px"&gt;&lt;/a&gt;</msg>
<msg time="2025-06-05T21:54:27.004722" level="FAIL">Element with locator '//*[@id="i_frame_parâmetros_de_sistema"]' not found.</msg>
<arg>//*[@id="i_frame_parâmetros_de_sistema"]</arg>
<doc>Sets frame identified by ``locator`` as the current frame.</doc>
<status status="FAIL" start="2025-06-05T21:54:26.858556" elapsed="0.151761">Element with locator '//*[@id="i_frame_parâmetros_de_sistema"]' not found.</status>
</kw>
<status status="FAIL" start="2025-06-05T21:54:26.857794" elapsed="0.152763">Element with locator '//*[@id="i_frame_parâmetros_de_sistema"]' not found.</status>
</kw>
<kw name="inserir nome do parametro">
<status status="NOT RUN" start="2025-06-05T21:54:27.011018" elapsed="0.000060"/>
</kw>
<kw name="Clicar em Pesquisar">
<status status="NOT RUN" start="2025-06-05T21:54:27.011422" elapsed="0.000068"/>
</kw>
<status status="FAIL" start="2025-06-05T21:54:26.857221" elapsed="0.154641">Element with locator '//*[@id="i_frame_parâmetros_de_sistema"]' not found.</status>
</test>
<test id="s1-t4" name="cenario 4: Clicar em Editar → alterar valor texto → gravar" line="85">
<kw name="clicar em editar">
<kw name="Click Element" owner="SeleniumLibrary">
<msg time="2025-06-05T21:54:27.015388" level="INFO">Clicking element '//*[@id="tabelaResult:resultList:0:tabelaResult_link_editar:link"]'.</msg>
<msg time="2025-06-05T21:54:27.127001" level="INFO" html="true">&lt;/td&gt;&lt;/tr&gt;&lt;tr&gt;&lt;td colspan="3"&gt;&lt;a href="selenium-screenshot-3.png"&gt;&lt;img src="selenium-screenshot-3.png" width="800px"&gt;&lt;/a&gt;</msg>
<msg time="2025-06-05T21:54:27.127205" level="FAIL">Element with locator '//*[@id="tabelaResult:resultList:0:tabelaResult_link_editar:link"]' not found.</msg>
<arg>//*[@id="tabelaResult:resultList:0:tabelaResult_link_editar:link"]</arg>
<doc>Click the element identified by ``locator``.</doc>
<status status="FAIL" start="2025-06-05T21:54:27.015141" elapsed="0.114036">Element with locator '//*[@id="tabelaResult:resultList:0:tabelaResult_link_editar:link"]' not found.</status>
</kw>
<kw name="Sleep" owner="BuiltIn">
<arg>1s</arg>
<doc>Pauses the test executed for the given time.</doc>
<status status="NOT RUN" start="2025-06-05T21:54:27.129515" elapsed="0.000083"/>
</kw>
<status status="FAIL" start="2025-06-05T21:54:27.014721" elapsed="0.115070">Element with locator '//*[@id="tabelaResult:resultList:0:tabelaResult_link_editar:link"]' not found.</status>
</kw>
<kw name="alterar valor texto">
<status status="NOT RUN" start="2025-06-05T21:54:27.130226" elapsed="0.000077"/>
</kw>
<kw name="clicar em gravar">
<status status="NOT RUN" start="2025-06-05T21:54:27.130663" elapsed="0.000060"/>
</kw>
<status status="FAIL" start="2025-06-05T21:54:27.013393" elapsed="0.117649">Element with locator '//*[@id="tabelaResult:resultList:0:tabelaResult_link_editar:link"]' not found.</status>
</test>
<status status="FAIL" start="2025-06-05T21:54:12.982473" elapsed="14.149619"/>
</suite>
<statistics>
<total>
<stat pass="1" fail="3" skip="0">All Tests</stat>
</total>
<tag>
</tag>
<suite>
<stat name="Desafio" id="s1" pass="1" fail="3" skip="0">Desafio</stat>
</suite>
</statistics>
<errors>
<msg time="2025-06-05T21:54:14.168188" level="WARN">The geckodriver version (0.35.0) detected in PATH at C:\WINDOWS\geckodriver.exe might not be compatible with the detected firefox version (139.0.1); currently, geckodriver 0.36.0 is recommended for firefox 139.*, so it is advised to delete the driver in PATH and retry</msg>
</errors>
</robot>
